This is pdfTeX, Version 3.141592653-2.6-1.40.25 (TeX Live 2023) (preloaded format=pdflatex 2024.2.16)  15 JUL 2024 15:17
entering extended mode
 restricted \write18 enabled.
 file:line:error style messages enabled.
 %&-line parsing enabled.
**README.md
(./README.md
LaTeX2e <2022-11-01> patch level 1
L3 programming layer <2023-02-22>
./README.md:1: You can't use `macro parameter character #' in vertical mode.
l.1 #
      文档修订记录
? 

./README.md:1: LaTeX Error: Unicode character 文 (U+6587)
               not set up for use with LaTeX.

See the LaTeX manual or LaTeX Companion for explanation.
Type  H <return>  for immediate help.
 ...                                              
                                                  
l.1 # 文
         档修订记录
? 
./README.md:1: Emergency stop.
 ...                                              
                                                  
l.1 # 文
         档修订记录
You may provide a definition with
\DeclareUnicodeCharacter 

 
Here is how much of TeX's memory you used:
 19 strings out of 476025
 570 string characters out of 5790017
 1849388 words of memory out of 5000000
 20570 multiletter control sequences out of 15000+600000
 512287 words of font info for 32 fonts, out of 8000000 for 9000
 1141 hyphenation exceptions out of 8191
 13i,0n,12p,61b,14s stack positions out of 10000i,1000n,20000p,200000b,200000s
./README.md:1:  ==> Fatal error occurred, no output PDF file produced!
